--------------------------------------------------------------------------------
Release 14.7 Trace  (nt64)
Copyright (c) 1995-2013 Xilinx, Inc.  All rights reserved.

C:\Xilinx\14.7\ISE_DS\ISE\bin\nt64\unwrapped\trce.exe -intstyle ise -v 3 -s 3
-n 3 -fastpaths -xml cpu_core.twx cpu_core.ncd -o cpu_core.twr cpu_core.pcf

Design file:              cpu_core.ncd
Physical constraint file: cpu_core.pcf
Device,package,speed:     xc6slx100,fgg676,C,-3 (PRODUCTION 1.23 2013-10-13)
Report level:             verbose report

Environment Variable      Effect 
--------------------      ------ 
NONE                      No environment variables were set
--------------------------------------------------------------------------------

INFO:Timing:2698 - No timing constraints found, doing default enumeration.
INFO:Timing:3412 - To improve timing, see the Timing Closure User Guide (UG612).
INFO:Timing:2752 - To get complete path coverage, use the unconstrained paths 
   option. All paths that are not constrained will be reported in the 
   unconstrained paths section(s) of the report.
INFO:Timing:3339 - The clock-to-out numbers in this timing report are based on 
   a 50 Ohm transmission line loading model.  For the details of this model, 
   and for more information on accounting for different loading conditions, 
   please see the device datasheet.



Data Sheet report:
-----------------
All values displayed in nanoseconds (ns)

Setup/Hold to clock clk_in
----------------+------------+------------+------------+------------+------------------+--------+
                |Max Setup to|  Process   |Max Hold to |  Process   |                  | Clock  |
Source          | clk (edge) |   Corner   | clk (edge) |   Corner   |Internal Clock(s) | Phase  |
----------------+------------+------------+------------+------------+------------------+--------+
baseram_data<0> |    2.835(R)|      SLOW  |   -0.856(R)|      SLOW  |clk_in_BUFGP      |   0.000|
baseram_data<1> |    5.395(R)|      SLOW  |   -2.577(R)|      FAST  |clk_in_BUFGP      |   0.000|
baseram_data<2> |    3.953(R)|      SLOW  |   -1.668(R)|      FAST  |clk_in_BUFGP      |   0.000|
baseram_data<3> |    4.955(R)|      SLOW  |   -2.245(R)|      FAST  |clk_in_BUFGP      |   0.000|
baseram_data<4> |    5.045(R)|      SLOW  |   -2.430(R)|      FAST  |clk_in_BUFGP      |   0.000|
baseram_data<5> |    2.337(R)|      SLOW  |   -0.879(R)|      SLOW  |clk_in_BUFGP      |   0.000|
baseram_data<6> |    3.009(R)|      SLOW  |   -1.856(R)|      FAST  |clk_in_BUFGP      |   0.000|
baseram_data<7> |    3.166(R)|      SLOW  |   -1.997(R)|      FAST  |clk_in_BUFGP      |   0.000|
baseram_data<8> |    4.587(R)|      SLOW  |   -2.709(R)|      FAST  |clk_in_BUFGP      |   0.000|
baseram_data<9> |    3.847(R)|      SLOW  |   -2.362(R)|      FAST  |clk_in_BUFGP      |   0.000|
baseram_data<10>|    4.601(R)|      SLOW  |   -2.501(R)|      FAST  |clk_in_BUFGP      |   0.000|
baseram_data<11>|    3.948(R)|      SLOW  |   -2.241(R)|      FAST  |clk_in_BUFGP      |   0.000|
baseram_data<12>|    3.867(R)|      SLOW  |   -2.338(R)|      FAST  |clk_in_BUFGP      |   0.000|
baseram_data<13>|    4.477(R)|      SLOW  |   -2.619(R)|      FAST  |clk_in_BUFGP      |   0.000|
baseram_data<14>|    4.158(R)|      SLOW  |   -2.593(R)|      FAST  |clk_in_BUFGP      |   0.000|
baseram_data<15>|    4.526(R)|      SLOW  |   -2.789(R)|      FAST  |clk_in_BUFGP      |   0.000|
baseram_data<16>|    3.399(R)|      SLOW  |   -2.067(R)|      FAST  |clk_in_BUFGP      |   0.000|
baseram_data<17>|    3.858(R)|      SLOW  |   -1.881(R)|      FAST  |clk_in_BUFGP      |   0.000|
baseram_data<18>|    3.229(R)|      SLOW  |   -1.773(R)|      FAST  |clk_in_BUFGP      |   0.000|
baseram_data<19>|    3.250(R)|      SLOW  |   -1.341(R)|      FAST  |clk_in_BUFGP      |   0.000|
baseram_data<20>|    3.513(R)|      SLOW  |   -2.127(R)|      FAST  |clk_in_BUFGP      |   0.000|
baseram_data<21>|    3.006(R)|      SLOW  |   -1.648(R)|      FAST  |clk_in_BUFGP      |   0.000|
baseram_data<22>|    3.432(R)|      SLOW  |   -1.871(R)|      FAST  |clk_in_BUFGP      |   0.000|
baseram_data<23>|    3.746(R)|      SLOW  |   -1.745(R)|      FAST  |clk_in_BUFGP      |   0.000|
baseram_data<24>|    5.522(R)|      SLOW  |   -2.888(R)|      FAST  |clk_in_BUFGP      |   0.000|
baseram_data<25>|    4.334(R)|      SLOW  |   -2.621(R)|      FAST  |clk_in_BUFGP      |   0.000|
baseram_data<26>|    3.705(R)|      SLOW  |   -2.320(R)|      FAST  |clk_in_BUFGP      |   0.000|
baseram_data<27>|    3.816(R)|      SLOW  |   -2.343(R)|      FAST  |clk_in_BUFGP      |   0.000|
baseram_data<28>|    3.542(R)|      SLOW  |   -2.210(R)|      FAST  |clk_in_BUFGP      |   0.000|
baseram_data<29>|    3.562(R)|      SLOW  |   -2.185(R)|      FAST  |clk_in_BUFGP      |   0.000|
baseram_data<30>|    3.886(R)|      SLOW  |   -2.327(R)|      FAST  |clk_in_BUFGP      |   0.000|
baseram_data<31>|    3.516(R)|      SLOW  |   -2.199(R)|      FAST  |clk_in_BUFGP      |   0.000|
extrram_data<0> |    5.188(R)|      SLOW  |   -2.690(R)|      FAST  |clk_in_BUFGP      |   0.000|
extrram_data<1> |    5.448(R)|      SLOW  |   -2.764(R)|      FAST  |clk_in_BUFGP      |   0.000|
extrram_data<2> |    4.770(R)|      SLOW  |   -2.876(R)|      FAST  |clk_in_BUFGP      |   0.000|
extrram_data<3> |    5.306(R)|      SLOW  |   -2.815(R)|      FAST  |clk_in_BUFGP      |   0.000|
extrram_data<4> |    4.709(R)|      SLOW  |   -2.638(R)|      FAST  |clk_in_BUFGP      |   0.000|
extrram_data<5> |    4.959(R)|      SLOW  |   -2.385(R)|      FAST  |clk_in_BUFGP      |   0.000|
extrram_data<6> |    5.271(R)|      SLOW  |   -2.752(R)|      FAST  |clk_in_BUFGP      |   0.000|
extrram_data<7> |    5.287(R)|      SLOW  |   -2.530(R)|      FAST  |clk_in_BUFGP      |   0.000|
extrram_data<8> |    3.321(R)|      SLOW  |   -1.597(R)|      FAST  |clk_in_BUFGP      |   0.000|
extrram_data<9> |    2.606(R)|      SLOW  |   -1.326(R)|      FAST  |clk_in_BUFGP      |   0.000|
extrram_data<10>|    4.787(R)|      SLOW  |   -2.429(R)|      FAST  |clk_in_BUFGP      |   0.000|
extrram_data<11>|    4.317(R)|      SLOW  |   -2.421(R)|      FAST  |clk_in_BUFGP      |   0.000|
extrram_data<12>|    3.013(R)|      SLOW  |   -1.720(R)|      FAST  |clk_in_BUFGP      |   0.000|
extrram_data<13>|    4.564(R)|      SLOW  |   -2.491(R)|      FAST  |clk_in_BUFGP      |   0.000|
extrram_data<14>|    2.895(R)|      SLOW  |   -1.556(R)|      FAST  |clk_in_BUFGP      |   0.000|
extrram_data<15>|    2.762(R)|      SLOW  |   -1.377(R)|      FAST  |clk_in_BUFGP      |   0.000|
extrram_data<16>|    4.618(R)|      SLOW  |   -2.247(R)|      FAST  |clk_in_BUFGP      |   0.000|
extrram_data<17>|    4.419(R)|      SLOW  |   -2.356(R)|      FAST  |clk_in_BUFGP      |   0.000|
extrram_data<18>|    3.830(R)|      SLOW  |   -1.844(R)|      FAST  |clk_in_BUFGP      |   0.000|
extrram_data<19>|    3.597(R)|      SLOW  |   -1.958(R)|      FAST  |clk_in_BUFGP      |   0.000|
extrram_data<20>|    4.019(R)|      SLOW  |   -2.224(R)|      FAST  |clk_in_BUFGP      |   0.000|
extrram_data<21>|    3.293(R)|      SLOW  |   -2.085(R)|      FAST  |clk_in_BUFGP      |   0.000|
extrram_data<22>|    4.303(R)|      SLOW  |   -2.473(R)|      FAST  |clk_in_BUFGP      |   0.000|
extrram_data<23>|    4.580(R)|      SLOW  |   -2.451(R)|      FAST  |clk_in_BUFGP      |   0.000|
extrram_data<24>|    5.520(R)|      SLOW  |   -3.045(R)|      FAST  |clk_in_BUFGP      |   0.000|
extrram_data<25>|    4.532(R)|      SLOW  |   -2.710(R)|      FAST  |clk_in_BUFGP      |   0.000|
extrram_data<26>|    3.878(R)|      SLOW  |   -2.400(R)|      FAST  |clk_in_BUFGP      |   0.000|
extrram_data<27>|    3.822(R)|      SLOW  |   -2.333(R)|      FAST  |clk_in_BUFGP      |   0.000|
extrram_data<28>|    4.398(R)|      SLOW  |   -2.787(R)|      FAST  |clk_in_BUFGP      |   0.000|
extrram_data<29>|    4.009(R)|      SLOW  |   -2.437(R)|      FAST  |clk_in_BUFGP      |   0.000|
extrram_data<30>|    4.670(R)|      SLOW  |   -2.684(R)|      FAST  |clk_in_BUFGP      |   0.000|
extrram_data<31>|    2.972(R)|      SLOW  |   -1.746(R)|      FAST  |clk_in_BUFGP      |   0.000|
flash_data<0>   |    3.783(R)|      SLOW  |   -1.292(R)|      FAST  |clk_in_BUFGP      |   0.000|
flash_data<1>   |    3.452(R)|      SLOW  |   -0.917(R)|      SLOW  |clk_in_BUFGP      |   0.000|
flash_data<2>   |    2.379(R)|      SLOW  |    0.191(R)|      SLOW  |clk_in_BUFGP      |   0.000|
flash_data<3>   |    3.641(R)|      SLOW  |   -1.187(R)|      FAST  |clk_in_BUFGP      |   0.000|
flash_data<4>   |    4.213(R)|      SLOW  |   -1.733(R)|      FAST  |clk_in_BUFGP      |   0.000|
flash_data<5>   |    3.206(R)|      SLOW  |   -0.865(R)|      SLOW  |clk_in_BUFGP      |   0.000|
flash_data<6>   |    2.933(R)|      SLOW  |   -0.653(R)|      SLOW  |clk_in_BUFGP      |   0.000|
flash_data<7>   |    2.870(R)|      SLOW  |   -0.425(R)|      SLOW  |clk_in_BUFGP      |   0.000|
flash_data<8>   |    2.538(R)|      SLOW  |   -0.312(R)|      SLOW  |clk_in_BUFGP      |   0.000|
flash_data<9>   |    3.333(R)|      SLOW  |   -0.508(R)|      SLOW  |clk_in_BUFGP      |   0.000|
flash_data<10>  |    4.025(R)|      SLOW  |   -1.262(R)|      FAST  |clk_in_BUFGP      |   0.000|
flash_data<11>  |    4.909(R)|      SLOW  |   -1.738(R)|      FAST  |clk_in_BUFGP      |   0.000|
flash_data<12>  |    3.353(R)|      SLOW  |   -0.705(R)|      SLOW  |clk_in_BUFGP      |   0.000|
flash_data<13>  |    3.599(R)|      SLOW  |   -0.383(R)|      SLOW  |clk_in_BUFGP      |   0.000|
flash_data<14>  |    2.942(R)|      SLOW  |   -0.406(R)|      SLOW  |clk_in_BUFGP      |   0.000|
flash_data<15>  |    2.673(R)|      SLOW  |    0.192(R)|      SLOW  |clk_in_BUFGP      |   0.000|
rst             |    6.751(R)|      SLOW  |   -4.118(R)|      FAST  |clk_in_BUFGP      |   0.000|
serialport_rxd  |    2.809(R)|      SLOW  |   -1.670(R)|      FAST  |clk_in_BUFGP      |   0.000|
----------------+------------+------------+------------+------------+------------------+--------+

Clock clk_in to Pad
----------------+-----------------+------------+-----------------+------------+------------------+--------+
                |Max (slowest) clk|  Process   |Min (fastest) clk|  Process   |                  | Clock  |
Destination     |  (edge) to PAD  |   Corner   |  (edge) to PAD  |   Corner   |Internal Clock(s) | Phase  |
----------------+-----------------+------------+-----------------+------------+------------------+--------+
baseram_addr<0> |        11.433(R)|      SLOW  |         6.351(R)|      FAST  |clk_in_BUFGP      |   0.000|
baseram_addr<1> |        12.030(R)|      SLOW  |         6.708(R)|      FAST  |clk_in_BUFGP      |   0.000|
baseram_addr<2> |        11.728(R)|      SLOW  |         6.542(R)|      FAST  |clk_in_BUFGP      |   0.000|
baseram_addr<3> |        11.857(R)|      SLOW  |         6.602(R)|      FAST  |clk_in_BUFGP      |   0.000|
baseram_addr<4> |        11.855(R)|      SLOW  |         6.597(R)|      FAST  |clk_in_BUFGP      |   0.000|
baseram_addr<5> |        10.245(R)|      SLOW  |         5.595(R)|      FAST  |clk_in_BUFGP      |   0.000|
baseram_addr<6> |        10.292(R)|      SLOW  |         5.626(R)|      FAST  |clk_in_BUFGP      |   0.000|
baseram_addr<7> |        10.456(R)|      SLOW  |         5.768(R)|      FAST  |clk_in_BUFGP      |   0.000|
baseram_addr<8> |        10.430(R)|      SLOW  |         5.701(R)|      FAST  |clk_in_BUFGP      |   0.000|
baseram_addr<9> |        11.023(R)|      SLOW  |         6.148(R)|      FAST  |clk_in_BUFGP      |   0.000|
baseram_addr<10>|        11.087(R)|      SLOW  |         6.194(R)|      FAST  |clk_in_BUFGP      |   0.000|
baseram_addr<11>|        10.820(R)|      SLOW  |         5.996(R)|      FAST  |clk_in_BUFGP      |   0.000|
baseram_addr<12>|        10.789(R)|      SLOW  |         5.973(R)|      FAST  |clk_in_BUFGP      |   0.000|
baseram_addr<13>|         9.256(R)|      SLOW  |         5.058(R)|      FAST  |clk_in_BUFGP      |   0.000|
baseram_addr<14>|        11.312(R)|      SLOW  |         6.334(R)|      FAST  |clk_in_BUFGP      |   0.000|
baseram_addr<15>|         9.222(R)|      SLOW  |         5.038(R)|      FAST  |clk_in_BUFGP      |   0.000|
baseram_addr<16>|         9.183(R)|      SLOW  |         5.030(R)|      FAST  |clk_in_BUFGP      |   0.000|
baseram_addr<17>|        11.924(R)|      SLOW  |         6.687(R)|      FAST  |clk_in_BUFGP      |   0.000|
baseram_addr<18>|         9.714(R)|      SLOW  |         5.373(R)|      FAST  |clk_in_BUFGP      |   0.000|
baseram_addr<19>|        11.995(R)|      SLOW  |         6.689(R)|      FAST  |clk_in_BUFGP      |   0.000|
baseram_ce      |         9.028(R)|      SLOW  |         4.858(R)|      FAST  |clk_in_BUFGP      |   0.000|
baseram_data<0> |        10.022(R)|      SLOW  |         4.485(R)|      FAST  |clk_in_BUFGP      |   0.000|
baseram_data<1> |        11.751(R)|      SLOW  |         5.358(R)|      FAST  |clk_in_BUFGP      |   0.000|
baseram_data<2> |        11.470(R)|      SLOW  |         5.129(R)|      FAST  |clk_in_BUFGP      |   0.000|
baseram_data<3> |        11.538(R)|      SLOW  |         5.249(R)|      FAST  |clk_in_BUFGP      |   0.000|
baseram_data<4> |        12.098(R)|      SLOW  |         5.446(R)|      FAST  |clk_in_BUFGP      |   0.000|
baseram_data<5> |         9.623(R)|      SLOW  |         4.381(R)|      FAST  |clk_in_BUFGP      |   0.000|
baseram_data<6> |        11.290(R)|      SLOW  |         5.128(R)|      FAST  |clk_in_BUFGP      |   0.000|
baseram_data<7> |        11.538(R)|      SLOW  |         5.271(R)|      FAST  |clk_in_BUFGP      |   0.000|
baseram_data<8> |        15.509(R)|      SLOW  |         5.782(R)|      FAST  |clk_in_BUFGP      |   0.000|
baseram_data<9> |        14.980(R)|      SLOW  |         5.749(R)|      FAST  |clk_in_BUFGP      |   0.000|
baseram_data<10>|        15.218(R)|      SLOW  |         5.731(R)|      FAST  |clk_in_BUFGP      |   0.000|
baseram_data<11>|        14.161(R)|      SLOW  |         5.549(R)|      FAST  |clk_in_BUFGP      |   0.000|
baseram_data<12>|        14.161(R)|      SLOW  |         5.518(R)|      FAST  |clk_in_BUFGP      |   0.000|
baseram_data<13>|        16.548(R)|      SLOW  |         6.196(R)|      FAST  |clk_in_BUFGP      |   0.000|
baseram_data<14>|        16.548(R)|      SLOW  |         6.054(R)|      FAST  |clk_in_BUFGP      |   0.000|
baseram_data<15>|        16.313(R)|      SLOW  |         6.138(R)|      FAST  |clk_in_BUFGP      |   0.000|
baseram_data<16>|        11.667(R)|      SLOW  |         5.405(R)|      FAST  |clk_in_BUFGP      |   0.000|
baseram_data<17>|        11.667(R)|      SLOW  |         5.529(R)|      FAST  |clk_in_BUFGP      |   0.000|
baseram_data<18>|        10.433(R)|      SLOW  |         4.775(R)|      FAST  |clk_in_BUFGP      |   0.000|
baseram_data<19>|        10.433(R)|      SLOW  |         4.748(R)|      FAST  |clk_in_BUFGP      |   0.000|
baseram_data<20>|        11.055(R)|      SLOW  |         4.798(R)|      FAST  |clk_in_BUFGP      |   0.000|
baseram_data<21>|        11.055(R)|      SLOW  |         4.819(R)|      FAST  |clk_in_BUFGP      |   0.000|
baseram_data<22>|        11.751(R)|      SLOW  |         5.174(R)|      FAST  |clk_in_BUFGP      |   0.000|
baseram_data<23>|        11.470(R)|      SLOW  |         5.019(R)|      FAST  |clk_in_BUFGP      |   0.000|
baseram_data<24>|        16.223(R)|      SLOW  |         6.064(R)|      FAST  |clk_in_BUFGP      |   0.000|
baseram_data<25>|        16.223(R)|      SLOW  |         6.202(R)|      FAST  |clk_in_BUFGP      |   0.000|
baseram_data<26>|        15.218(R)|      SLOW  |         5.754(R)|      FAST  |clk_in_BUFGP      |   0.000|
baseram_data<27>|        15.197(R)|      SLOW  |         5.625(R)|      FAST  |clk_in_BUFGP      |   0.000|
baseram_data<28>|        15.197(R)|      SLOW  |         5.687(R)|      FAST  |clk_in_BUFGP      |   0.000|
baseram_data<29>|        14.680(R)|      SLOW  |         5.738(R)|      FAST  |clk_in_BUFGP      |   0.000|
baseram_data<30>|        14.897(R)|      SLOW  |         5.636(R)|      FAST  |clk_in_BUFGP      |   0.000|
baseram_data<31>|        14.897(R)|      SLOW  |         5.552(R)|      FAST  |clk_in_BUFGP      |   0.000|
baseram_oe      |         9.821(R)|      SLOW  |         5.336(R)|      FAST  |clk_in_BUFGP      |   0.000|
baseram_we      |         9.278(R)|      SLOW  |         5.029(R)|      FAST  |clk_in_BUFGP      |   0.000|
extrram_addr<0> |        11.011(R)|      SLOW  |         6.201(R)|      FAST  |clk_in_BUFGP      |   0.000|
extrram_addr<1> |        10.670(R)|      SLOW  |         5.991(R)|      FAST  |clk_in_BUFGP      |   0.000|
extrram_addr<2> |        11.441(R)|      SLOW  |         6.483(R)|      FAST  |clk_in_BUFGP      |   0.000|
extrram_addr<3> |        10.316(R)|      SLOW  |         5.790(R)|      FAST  |clk_in_BUFGP      |   0.000|
extrram_addr<4> |        10.085(R)|      SLOW  |         5.616(R)|      FAST  |clk_in_BUFGP      |   0.000|
extrram_addr<5> |         9.279(R)|      SLOW  |         4.957(R)|      FAST  |clk_in_BUFGP      |   0.000|
extrram_addr<6> |         9.564(R)|      SLOW  |         5.230(R)|      FAST  |clk_in_BUFGP      |   0.000|
extrram_addr<7> |        10.879(R)|      SLOW  |         6.100(R)|      FAST  |clk_in_BUFGP      |   0.000|
extrram_addr<8> |        10.469(R)|      SLOW  |         5.840(R)|      FAST  |clk_in_BUFGP      |   0.000|
extrram_addr<9> |        10.796(R)|      SLOW  |         6.054(R)|      FAST  |clk_in_BUFGP      |   0.000|
extrram_addr<10>|        11.097(R)|      SLOW  |         6.259(R)|      FAST  |clk_in_BUFGP      |   0.000|
extrram_addr<11>|        10.919(R)|      SLOW  |         6.140(R)|      FAST  |clk_in_BUFGP      |   0.000|
extrram_addr<12>|        10.830(R)|      SLOW  |         6.078(R)|      FAST  |clk_in_BUFGP      |   0.000|
extrram_addr<13>|        11.123(R)|      SLOW  |         6.220(R)|      FAST  |clk_in_BUFGP      |   0.000|
extrram_addr<14>|        11.270(R)|      SLOW  |         6.332(R)|      FAST  |clk_in_BUFGP      |   0.000|
extrram_addr<15>|         9.365(R)|      SLOW  |         5.169(R)|      FAST  |clk_in_BUFGP      |   0.000|
extrram_addr<16>|        10.476(R)|      SLOW  |         5.871(R)|      FAST  |clk_in_BUFGP      |   0.000|
extrram_addr<17>|         9.248(R)|      SLOW  |         5.079(R)|      FAST  |clk_in_BUFGP      |   0.000|
extrram_addr<18>|         9.429(R)|      SLOW  |         5.240(R)|      FAST  |clk_in_BUFGP      |   0.000|
extrram_addr<19>|        10.316(R)|      SLOW  |         5.783(R)|      FAST  |clk_in_BUFGP      |   0.000|
extrram_ce      |         9.221(R)|      SLOW  |         5.093(R)|      FAST  |clk_in_BUFGP      |   0.000|
extrram_data<0> |        14.715(R)|      SLOW  |         5.961(R)|      FAST  |clk_in_BUFGP      |   0.000|
extrram_data<1> |        14.715(R)|      SLOW  |         6.070(R)|      FAST  |clk_in_BUFGP      |   0.000|
extrram_data<2> |        14.942(R)|      SLOW  |         6.215(R)|      FAST  |clk_in_BUFGP      |   0.000|
extrram_data<3> |        14.942(R)|      SLOW  |         6.209(R)|      FAST  |clk_in_BUFGP      |   0.000|
extrram_data<4> |        14.957(R)|      SLOW  |         6.082(R)|      FAST  |clk_in_BUFGP      |   0.000|
extrram_data<5> |        14.650(R)|      SLOW  |         6.118(R)|      FAST  |clk_in_BUFGP      |   0.000|
extrram_data<6> |        14.742(R)|      SLOW  |         6.019(R)|      FAST  |clk_in_BUFGP      |   0.000|
extrram_data<7> |        14.281(R)|      SLOW  |         5.868(R)|      FAST  |clk_in_BUFGP      |   0.000|
extrram_data<8> |        10.000(R)|      SLOW  |         5.008(R)|      FAST  |clk_in_BUFGP      |   0.000|
extrram_data<9> |        10.000(R)|      SLOW  |         5.008(R)|      FAST  |clk_in_BUFGP      |   0.000|
extrram_data<10>|        12.289(R)|      SLOW  |         5.944(R)|      FAST  |clk_in_BUFGP      |   0.000|
extrram_data<11>|        12.289(R)|      SLOW  |         5.592(R)|      FAST  |clk_in_BUFGP      |   0.000|
extrram_data<12>|        10.272(R)|      SLOW  |         5.244(R)|      FAST  |clk_in_BUFGP      |   0.000|
extrram_data<13>|        12.283(R)|      SLOW  |         5.441(R)|      FAST  |clk_in_BUFGP      |   0.000|
extrram_data<14>|        10.392(R)|      SLOW  |         5.161(R)|      FAST  |clk_in_BUFGP      |   0.000|
extrram_data<15>|         9.961(R)|      SLOW  |         4.732(R)|      FAST  |clk_in_BUFGP      |   0.000|
extrram_data<16>|        11.856(R)|      SLOW  |         5.358(R)|      FAST  |clk_in_BUFGP      |   0.000|
extrram_data<17>|        11.856(R)|      SLOW  |         5.437(R)|      FAST  |clk_in_BUFGP      |   0.000|
extrram_data<18>|        11.133(R)|      SLOW  |         5.193(R)|      FAST  |clk_in_BUFGP      |   0.000|
extrram_data<19>|        11.494(R)|      SLOW  |         5.287(R)|      FAST  |clk_in_BUFGP      |   0.000|
extrram_data<20>|        11.460(R)|      SLOW  |         5.484(R)|      FAST  |clk_in_BUFGP      |   0.000|
extrram_data<21>|        10.716(R)|      SLOW  |         5.314(R)|      FAST  |clk_in_BUFGP      |   0.000|
extrram_data<22>|        12.175(R)|      SLOW  |         5.717(R)|      FAST  |clk_in_BUFGP      |   0.000|
extrram_data<23>|        12.175(R)|      SLOW  |         5.673(R)|      FAST  |clk_in_BUFGP      |   0.000|
extrram_data<24>|        14.241(R)|      SLOW  |         6.009(R)|      FAST  |clk_in_BUFGP      |   0.000|
extrram_data<25>|        13.829(R)|      SLOW  |         5.946(R)|      FAST  |clk_in_BUFGP      |   0.000|
extrram_data<26>|        13.007(R)|      SLOW  |         5.836(R)|      FAST  |clk_in_BUFGP      |   0.000|
extrram_data<27>|        13.007(R)|      SLOW  |         5.799(R)|      FAST  |clk_in_BUFGP      |   0.000|
extrram_data<28>|        13.005(R)|      SLOW  |         5.954(R)|      FAST  |clk_in_BUFGP      |   0.000|
extrram_data<29>|        12.708(R)|      SLOW  |         6.040(R)|      FAST  |clk_in_BUFGP      |   0.000|
extrram_data<30>|        12.708(R)|      SLOW  |         6.019(R)|      FAST  |clk_in_BUFGP      |   0.000|
extrram_data<31>|        10.272(R)|      SLOW  |         5.256(R)|      FAST  |clk_in_BUFGP      |   0.000|
extrram_oe      |        10.053(R)|      SLOW  |         5.472(R)|      FAST  |clk_in_BUFGP      |   0.000|
extrram_we      |        10.913(R)|      SLOW  |         6.108(R)|      FAST  |clk_in_BUFGP      |   0.000|
flash_addr<1>   |        11.067(R)|      SLOW  |         6.104(R)|      FAST  |clk_in_BUFGP      |   0.000|
flash_addr<2>   |        11.234(R)|      SLOW  |         6.233(R)|      FAST  |clk_in_BUFGP      |   0.000|
flash_addr<3>   |        11.277(R)|      SLOW  |         6.255(R)|      FAST  |clk_in_BUFGP      |   0.000|
flash_addr<4>   |        11.384(R)|      SLOW  |         6.319(R)|      FAST  |clk_in_BUFGP      |   0.000|
flash_addr<5>   |        11.595(R)|      SLOW  |         6.433(R)|      FAST  |clk_in_BUFGP      |   0.000|
flash_addr<6>   |        11.436(R)|      SLOW  |         6.343(R)|      FAST  |clk_in_BUFGP      |   0.000|
flash_addr<7>   |        11.407(R)|      SLOW  |         6.307(R)|      FAST  |clk_in_BUFGP      |   0.000|
flash_addr<8>   |        11.508(R)|      SLOW  |         6.374(R)|      FAST  |clk_in_BUFGP      |   0.000|
flash_addr<9>   |        11.717(R)|      SLOW  |         6.509(R)|      FAST  |clk_in_BUFGP      |   0.000|
flash_addr<10>  |        12.134(R)|      SLOW  |         6.799(R)|      FAST  |clk_in_BUFGP      |   0.000|
flash_addr<11>  |        12.497(R)|      SLOW  |         7.142(R)|      FAST  |clk_in_BUFGP      |   0.000|
flash_addr<12>  |        11.999(R)|      SLOW  |         6.678(R)|      FAST  |clk_in_BUFGP      |   0.000|
flash_addr<13>  |        11.805(R)|      SLOW  |         6.599(R)|      FAST  |clk_in_BUFGP      |   0.000|
flash_addr<14>  |        11.426(R)|      SLOW  |         6.381(R)|      FAST  |clk_in_BUFGP      |   0.000|
flash_addr<15>  |        11.640(R)|      SLOW  |         6.436(R)|      FAST  |clk_in_BUFGP      |   0.000|
flash_addr<16>  |        11.597(R)|      SLOW  |         6.424(R)|      FAST  |clk_in_BUFGP      |   0.000|
flash_addr<17>  |        11.910(R)|      SLOW  |         6.625(R)|      FAST  |clk_in_BUFGP      |   0.000|
flash_addr<18>  |        11.718(R)|      SLOW  |         6.549(R)|      FAST  |clk_in_BUFGP      |   0.000|
flash_addr<19>  |        11.572(R)|      SLOW  |         6.435(R)|      FAST  |clk_in_BUFGP      |   0.000|
flash_addr<20>  |        11.759(R)|      SLOW  |         6.522(R)|      FAST  |clk_in_BUFGP      |   0.000|
flash_addr<21>  |        10.244(R)|      SLOW  |         5.648(R)|      FAST  |clk_in_BUFGP      |   0.000|
flash_addr<22>  |        11.320(R)|      SLOW  |         6.278(R)|      FAST  |clk_in_BUFGP      |   0.000|
flash_control_oe|         7.733(R)|      SLOW  |         4.110(R)|      FAST  |clk_in_BUFGP      |   0.000|
flash_control_we|         7.458(R)|      SLOW  |         3.910(R)|      FAST  |clk_in_BUFGP      |   0.000|
flash_data<0>   |        10.593(R)|      SLOW  |         4.574(R)|      FAST  |clk_in_BUFGP      |   0.000|
flash_data<1>   |        10.013(R)|      SLOW  |         4.394(R)|      FAST  |clk_in_BUFGP      |   0.000|
flash_data<2>   |         7.995(R)|      SLOW  |         4.034(R)|      FAST  |clk_in_BUFGP      |   0.000|
flash_data<3>   |        10.398(R)|      SLOW  |         4.616(R)|      FAST  |clk_in_BUFGP      |   0.000|
flash_data<4>   |        11.854(R)|      SLOW  |         5.316(R)|      FAST  |clk_in_BUFGP      |   0.000|
flash_data<5>   |         9.671(R)|      SLOW  |         4.439(R)|      FAST  |clk_in_BUFGP      |   0.000|
flash_data<6>   |         9.313(R)|      SLOW  |         4.363(R)|      FAST  |clk_in_BUFGP      |   0.000|
flash_data<7>   |         8.937(R)|      SLOW  |         4.266(R)|      FAST  |clk_in_BUFGP      |   0.000|
flash_data<8>   |         8.569(R)|      SLOW  |         3.990(R)|      FAST  |clk_in_BUFGP      |   0.000|
flash_data<9>   |        10.006(R)|      SLOW  |         4.505(R)|      FAST  |clk_in_BUFGP      |   0.000|
flash_data<10>  |        10.782(R)|      SLOW  |         4.627(R)|      FAST  |clk_in_BUFGP      |   0.000|
flash_data<11>  |        12.215(R)|      SLOW  |         5.402(R)|      FAST  |clk_in_BUFGP      |   0.000|
flash_data<12>  |         9.830(R)|      SLOW  |         4.433(R)|      FAST  |clk_in_BUFGP      |   0.000|
flash_data<13>  |         9.664(R)|      SLOW  |         4.278(R)|      FAST  |clk_in_BUFGP      |   0.000|
flash_data<14>  |         8.930(R)|      SLOW  |         4.165(R)|      FAST  |clk_in_BUFGP      |   0.000|
flash_data<15>  |         8.569(R)|      SLOW  |         3.999(R)|      FAST  |clk_in_BUFGP      |   0.000|
serialport_txd  |        11.541(R)|      SLOW  |         6.150(R)|      FAST  |clk_in_BUFGP      |   0.000|
----------------+-----------------+------------+-----------------+------------+------------------+--------+

Clock to Setup on destination clock clk_in
---------------+---------+---------+---------+---------+
               | Src:Rise| Src:Fall| Src:Rise| Src:Fall|
Source Clock   |Dest:Rise|Dest:Rise|Dest:Fall|Dest:Fall|
---------------+---------+---------+---------+---------+
clk_in         |    3.204|         |         |         |
---------------+---------+---------+---------+---------+


Analysis completed Mon Aug 03 03:30:50 2015 
--------------------------------------------------------------------------------

Trace Settings:
-------------------------
Trace Settings 

Peak Memory Usage: 513 MB



