Release 14.7 Map P.20131013 (nt64)
Xilinx Mapping Report File for Design 'cpu_core'

Design Information
------------------
Command Line   : map -intstyle ise -p xc6slx100-fgg676-3 -w -logic_opt off -ol
high -t 1 -xt 0 -register_duplication off -r 4 -global_opt off -mt off -ir off
-pr off -lc off -power off -o cpu_core_map.ncd cpu_core.ngd cpu_core.pcf 
Target Device  : xc6slx100
Target Package : fgg676
Target Speed   : -3
Mapper Version : spartan6 -- $Revision: 1.55 $
Mapped Date    : Mon Aug 03 03:16:45 2015

Design Summary
--------------
Number of errors:      0
Number of warnings:    0
Slice Logic Utilization:
  Number of Slice Registers:                 5,675 out of 126,576    4%
    Number used as Flip Flops:               5,675
    Number used as Latches:                      0
    Number used as Latch-thrus:                  0
    Number used as AND/OR logics:                0
  Number of Slice LUTs:                      6,878 out of  63,288   10%
    Number used as logic:                    6,790 out of  63,288   10%
      Number using O6 output only:           4,648
      Number using O5 output only:             160
      Number using O5 and O6:                1,982
      Number used as ROM:                        0
    Number used as Memory:                       1 out of  15,616    1%
      Number used as Dual Port RAM:              0
      Number used as Single Port RAM:            0
      Number used as Shift Register:             1
        Number using O6 output only:             1
        Number using O5 output only:             0
        Number using O5 and O6:                  0
    Number used exclusively as route-thrus:     87
      Number with same-slice register load:     81
      Number with same-slice carry load:         6
      Number with other load:                    0

Slice Logic Distribution:
  Number of occupied Slices:                 3,051 out of  15,822   19%
  Number of MUXCYs used:                     2,172 out of  31,644    6%
  Number of LUT Flip Flop pairs used:        9,915
    Number with an unused Flip Flop:         4,443 out of   9,915   44%
    Number with an unused LUT:               3,037 out of   9,915   30%
    Number of fully used LUT-FF pairs:       2,435 out of   9,915   24%
    Number of unique control sets:             143
    Number of slice register sites lost
      to control set restrictions:             180 out of 126,576    1%

  A LUT Flip Flop pair for this architecture represents one LUT paired with
  one Flip Flop within a slice.  A control set is a unique combination of
  clock, reset, set, and enable signals for a registered element.
  The Slice Logic Distribution report is not meaningful if the design is
  over-mapped for a non-slice resource or if Placement fails.

IO Utilization:
  Number of bonded IOBs:                       191 out of     480   39%
    Number of LOCed IOBs:                      189 out of     191   98%

Specific Feature Utilization:
  Number of RAMB16BWERs:                         0 out of     268    0%
  Number of RAMB8BWERs:                          0 out of     536    0%
  Number of BUFIO2/BUFIO2_2CLKs:                 0 out of      32    0%
  Number of BUFIO2FB/BUFIO2FB_2CLKs:             0 out of      32    0%
  Number of BUFG/BUFGMUXs:                       2 out of      16   12%
    Number used as BUFGs:                        2
    Number used as BUFGMUX:                      0
  Number of DCM/DCM_CLKGENs:                     0 out of      12    0%
  Number of ILOGIC2/ISERDES2s:                   0 out of     506    0%
  Number of IODELAY2/IODRP2/IODRP2_MCBs:         0 out of     506    0%
  Number of OLOGIC2/OSERDES2s:                   0 out of     506    0%
  Number of BSCANs:                              0 out of       4    0%
  Number of BUFHs:                               0 out of     384    0%
  Number of BUFPLLs:                             0 out of       8    0%
  Number of BUFPLL_MCBs:                         0 out of       4    0%
  Number of DSP48A1s:                            4 out of     180    2%
  Number of ICAPs:                               0 out of       1    0%
  Number of MCBs:                                0 out of       4    0%
  Number of PCILOGICSEs:                         0 out of       2    0%
  Number of PLL_ADVs:                            0 out of       6    0%
  Number of PMVs:                                0 out of       1    0%
  Number of STARTUPs:                            0 out of       1    0%
  Number of SUSPEND_SYNCs:                       0 out of       1    0%

Average Fanout of Non-Clock Nets:                3.96

Peak Memory Usage:  684 MB
Total REAL time to MAP completion:  4 mins 44 secs 
Total CPU time to MAP completion:   4 mins 40 secs 

Table of Contents
-----------------
Section 1 - Errors
Section 2 - Warnings
Section 3 - Informational
Section 4 - Removed Logic Summary
Section 5 - Removed Logic
Section 6 - IOB Properties
Section 7 - RPMs
Section 8 - Guide Report
Section 9 - Area Group and Partition Summary
Section 10 - Timing Report
Section 11 - Configuration String Information
Section 12 - Control Set Information
Section 13 - Utilization by Hierarchy

Section 1 - Errors
------------------

Section 2 - Warnings
--------------------

Section 3 - Informational
-------------------------
INFO:MapLib:562 - No environment variables are currently set.
INFO:LIT:244 - All of the single ended outputs in this design are using slew
   rate limited output drivers. The delay on speed critical single ended outputs
   can be dramatically reduced by designating them as fast outputs.
INFO:Pack:1716 - Initializing temperature to 85.000 Celsius. (default - Range:
   0.000 to 85.000 Celsius)
INFO:Pack:1720 - Initializing voltage to 1.140 Volts. (default - Range: 1.140 to
   1.260 Volts)
INFO:Map:215 - The Interim Design Summary has been generated in the MAP Report
   (.mrp).
INFO:Place:834 - Only a subset of IOs are locked. Out of 191 IOs, 189 are locked
   and 2 are not locked. If you would like to print the names of these IOs,
   please set the environment variable XIL_PAR_DESIGN_CHECK_VERBOSE to 1. 
INFO:Pack:1650 - Map created a placed design.

Section 4 - Removed Logic Summary
---------------------------------
   2 block(s) optimized away

Section 5 - Removed Logic
-------------------------

Optimized Block(s):
TYPE 		BLOCK
GND 		XST_GND
VCC 		XST_VCC

To enable printing of redundant blocks removed and signals merged, set the
detailed map report option and rerun map.

Section 6 - IOB Properties
--------------------------

+---------------------------------------------------------------------------------------------------------------------------------------------------------+
| IOB Name                           | Type             | Direction | IO Standard          | Diff  | Drive    | Slew | Reg (s)      | Resistor | IOB      |
|                                    |                  |           |                      | Term  | Strength | Rate |              |          | Delay    |
+---------------------------------------------------------------------------------------------------------------------------------------------------------+
| baseram_addr<0>                    | IOB              | OUTPUT    | LVCMOS25             |       | 12       | SLOW |              |          |          |
| baseram_addr<1>                    | IOB              | OUTPUT    | LVCMOS25             |       | 12       | SLOW |              |          |          |
| baseram_addr<2>                    | IOB              | OUTPUT    | LVCMOS25             |       | 12       | SLOW |              |          |          |
| baseram_addr<3>                    | IOB              | OUTPUT    | LVCMOS25             |       | 12       | SLOW |              |          |          |
| baseram_addr<4>                    | IOB              | OUTPUT    | LVCMOS25             |       | 12       | SLOW |              |          |          |
| baseram_addr<5>                    | IOB              | OUTPUT    | LVCMOS25             |       | 12       | SLOW |              |          |          |
| baseram_addr<6>                    | IOB              | OUTPUT    | LVCMOS25             |       | 12       | SLOW |              |          |          |
| baseram_addr<7>                    | IOB              | OUTPUT    | LVCMOS25             |       | 12       | SLOW |              |          |          |
| baseram_addr<8>                    | IOB              | OUTPUT    | LVCMOS25             |       | 12       | SLOW |              |          |          |
| baseram_addr<9>                    | IOB              | OUTPUT    | LVCMOS25             |       | 12       | SLOW |              |          |          |
| baseram_addr<10>                   | IOB              | OUTPUT    | LVCMOS25             |       | 12       | SLOW |              |          |          |
| baseram_addr<11>                   | IOB              | OUTPUT    | LVCMOS25             |       | 12       | SLOW |              |          |          |
| baseram_addr<12>                   | IOB              | OUTPUT    | LVCMOS25             |       | 12       | SLOW |              |          |          |
| baseram_addr<13>                   | IOB              | OUTPUT    | LVCMOS25             |       | 12       | SLOW |              |          |          |
| baseram_addr<14>                   | IOB              | OUTPUT    | LVCMOS25             |       | 12       | SLOW |              |          |          |
| baseram_addr<15>                   | IOB              | OUTPUT    | LVCMOS25             |       | 12       | SLOW |              |          |          |
| baseram_addr<16>                   | IOB              | OUTPUT    | LVCMOS25             |       | 12       | SLOW |              |          |          |
| baseram_addr<17>                   | IOB              | OUTPUT    | LVCMOS25             |       | 12       | SLOW |              |          |          |
| baseram_addr<18>                   | IOB              | OUTPUT    | LVCMOS25             |       | 12       | SLOW |              |          |          |
| baseram_addr<19>                   | IOB              | OUTPUT    | LVCMOS25             |       | 12       | SLOW |              |          |          |
| baseram_ce                         | IOB              | OUTPUT    | LVCMOS25             |       | 12       | SLOW |              |          |          |
| baseram_data<0>                    | IOB              | BIDIR     | LVCMOS25             |       | 12       | SLOW |              |          |          |
| baseram_data<1>                    | IOB              | BIDIR     | LVCMOS25             |       | 12       | SLOW |              |          |          |
| baseram_data<2>                    | IOB              | BIDIR     | LVCMOS25             |       | 12       | SLOW |              |          |          |
| baseram_data<3>                    | IOB              | BIDIR     | LVCMOS25             |       | 12       | SLOW |              |          |          |
| baseram_data<4>                    | IOB              | BIDIR     | LVCMOS25             |       | 12       | SLOW |              |          |          |
| baseram_data<5>                    | IOB              | BIDIR     | LVCMOS25             |       | 12       | SLOW |              |          |          |
| baseram_data<6>                    | IOB              | BIDIR     | LVCMOS25             |       | 12       | SLOW |              |          |          |
| baseram_data<7>                    | IOB              | BIDIR     | LVCMOS25             |       | 12       | SLOW |              |          |          |
| baseram_data<8>                    | IOB              | BIDIR     | LVCMOS25             |       | 12       | SLOW |              |          |          |
| baseram_data<9>                    | IOB              | BIDIR     | LVCMOS25             |       | 12       | SLOW |              |          |          |
| baseram_data<10>                   | IOB              | BIDIR     | LVCMOS25             |       | 12       | SLOW |              |          |          |
| baseram_data<11>                   | IOB              | BIDIR     | LVCMOS25             |       | 12       | SLOW |              |          |          |
| baseram_data<12>                   | IOB              | BIDIR     | LVCMOS25             |       | 12       | SLOW |              |          |          |
| baseram_data<13>                   | IOB              | BIDIR     | LVCMOS25             |       | 12       | SLOW |              |          |          |
| baseram_data<14>                   | IOB              | BIDIR     | LVCMOS25             |       | 12       | SLOW |              |          |          |
| baseram_data<15>                   | IOB              | BIDIR     | LVCMOS25             |       | 12       | SLOW |              |          |          |
| baseram_data<16>                   | IOB              | BIDIR     | LVCMOS25             |       | 12       | SLOW |              |          |          |
| baseram_data<17>                   | IOB              | BIDIR     | LVCMOS25             |       | 12       | SLOW |              |          |          |
| baseram_data<18>                   | IOB              | BIDIR     | LVCMOS25             |       | 12       | SLOW |              |          |          |
| baseram_data<19>                   | IOB              | BIDIR     | LVCMOS25             |       | 12       | SLOW |              |          |          |
| baseram_data<20>                   | IOB              | BIDIR     | LVCMOS25             |       | 12       | SLOW |              |          |          |
| baseram_data<21>                   | IOB              | BIDIR     | LVCMOS25             |       | 12       | SLOW |              |          |          |
| baseram_data<22>                   | IOB              | BIDIR     | LVCMOS25             |       | 12       | SLOW |              |          |          |
| baseram_data<23>                   | IOB              | BIDIR     | LVCMOS25             |       | 12       | SLOW |              |          |          |
| baseram_data<24>                   | IOB              | BIDIR     | LVCMOS25             |       | 12       | SLOW |              |          |          |
| baseram_data<25>                   | IOB              | BIDIR     | LVCMOS25             |       | 12       | SLOW |              |          |          |
| baseram_data<26>                   | IOB              | BIDIR     | LVCMOS25             |       | 12       | SLOW |              |          |          |
| baseram_data<27>                   | IOB              | BIDIR     | LVCMOS25             |       | 12       | SLOW |              |          |          |
| baseram_data<28>                   | IOB              | BIDIR     | LVCMOS25             |       | 12       | SLOW |              |          |          |
| baseram_data<29>                   | IOB              | BIDIR     | LVCMOS25             |       | 12       | SLOW |              |          |          |
| baseram_data<30>                   | IOB              | BIDIR     | LVCMOS25             |       | 12       | SLOW |              |          |          |
| baseram_data<31>                   | IOB              | BIDIR     | LVCMOS25             |       | 12       | SLOW |              |          |          |
| baseram_oe                         | IOB              | OUTPUT    | LVCMOS25             |       | 12       | SLOW |              |          |          |
| baseram_we                         | IOB              | OUTPUT    | LVCMOS25             |       | 12       | SLOW |              |          |          |
| clk_in                             | IOB              | INPUT     | LVCMOS25             |       |          |      |              |          |          |
| dig1<0>                            | IOB              | OUTPUT    | LVCMOS25             |       | 12       | SLOW |              |          |          |
| dig1<1>                            | IOB              | OUTPUT    | LVCMOS25             |       | 12       | SLOW |              |          |          |
| dig1<2>                            | IOB              | OUTPUT    | LVCMOS25             |       | 12       | SLOW |              |          |          |
| dig1<3>                            | IOB              | OUTPUT    | LVCMOS25             |       | 12       | SLOW |              |          |          |
| dig1<4>                            | IOB              | OUTPUT    | LVCMOS25             |       | 12       | SLOW |              |          |          |
| dig1<5>                            | IOB              | OUTPUT    | LVCMOS25             |       | 12       | SLOW |              |          |          |
| dig1<6>                            | IOB              | OUTPUT    | LVCMOS25             |       | 12       | SLOW |              |          |          |
| dig2<0>                            | IOB              | OUTPUT    | LVCMOS25             |       | 12       | SLOW |              |          |          |
| dig2<1>                            | IOB              | OUTPUT    | LVCMOS25             |       | 12       | SLOW |              |          |          |
| dig2<2>                            | IOB              | OUTPUT    | LVCMOS25             |       | 12       | SLOW |              |          |          |
| dig2<3>                            | IOB              | OUTPUT    | LVCMOS25             |       | 12       | SLOW |              |          |          |
| dig2<4>                            | IOB              | OUTPUT    | LVCMOS25             |       | 12       | SLOW |              |          |          |
| dig2<5>                            | IOB              | OUTPUT    | LVCMOS25             |       | 12       | SLOW |              |          |          |
| dig2<6>                            | IOB              | OUTPUT    | LVCMOS25             |       | 12       | SLOW |              |          |          |
| extrram_addr<0>                    | IOB              | OUTPUT    | LVCMOS25             |       | 12       | SLOW |              |          |          |
| extrram_addr<1>                    | IOB              | OUTPUT    | LVCMOS25             |       | 12       | SLOW |              |          |          |
| extrram_addr<2>                    | IOB              | OUTPUT    | LVCMOS25             |       | 12       | SLOW |              |          |          |
| extrram_addr<3>                    | IOB              | OUTPUT    | LVCMOS25             |       | 12       | SLOW |              |          |          |
| extrram_addr<4>                    | IOB              | OUTPUT    | LVCMOS25             |       | 12       | SLOW |              |          |          |
| extrram_addr<5>                    | IOB              | OUTPUT    | LVCMOS25             |       | 12       | SLOW |              |          |          |
| extrram_addr<6>                    | IOB              | OUTPUT    | LVCMOS25             |       | 12       | SLOW |              |          |          |
| extrram_addr<7>                    | IOB              | OUTPUT    | LVCMOS25             |       | 12       | SLOW |              |          |          |
| extrram_addr<8>                    | IOB              | OUTPUT    | LVCMOS25             |       | 12       | SLOW |              |          |          |
| extrram_addr<9>                    | IOB              | OUTPUT    | LVCMOS25             |       | 12       | SLOW |              |          |          |
| extrram_addr<10>                   | IOB              | OUTPUT    | LVCMOS25             |       | 12       | SLOW |              |          |          |
| extrram_addr<11>                   | IOB              | OUTPUT    | LVCMOS25             |       | 12       | SLOW |              |          |          |
| extrram_addr<12>                   | IOB              | OUTPUT    | LVCMOS25             |       | 12       | SLOW |              |          |          |
| extrram_addr<13>                   | IOB              | OUTPUT    | LVCMOS25             |       | 12       | SLOW |              |          |          |
| extrram_addr<14>                   | IOB              | OUTPUT    | LVCMOS25             |       | 12       | SLOW |              |          |          |
| extrram_addr<15>                   | IOB              | OUTPUT    | LVCMOS25             |       | 12       | SLOW |              |          |          |
| extrram_addr<16>                   | IOB              | OUTPUT    | LVCMOS25             |       | 12       | SLOW |              |          |          |
| extrram_addr<17>                   | IOB              | OUTPUT    | LVCMOS25             |       | 12       | SLOW |              |          |          |
| extrram_addr<18>                   | IOB              | OUTPUT    | LVCMOS25             |       | 12       | SLOW |              |          |          |
| extrram_addr<19>                   | IOB              | OUTPUT    | LVCMOS25             |       | 12       | SLOW |              |          |          |
| extrram_ce                         | IOB              | OUTPUT    | LVCMOS25             |       | 12       | SLOW |              |          |          |
| extrram_data<0>                    | IOB              | BIDIR     | LVCMOS25             |       | 12       | SLOW |              |          |          |
| extrram_data<1>                    | IOB              | BIDIR     | LVCMOS25             |       | 12       | SLOW |              |          |          |
| extrram_data<2>                    | IOB              | BIDIR     | LVCMOS25             |       | 12       | SLOW |              |          |          |
| extrram_data<3>                    | IOB              | BIDIR     | LVCMOS25             |       | 12       | SLOW |              |          |          |
| extrram_data<4>                    | IOB              | BIDIR     | LVCMOS25             |       | 12       | SLOW |              |          |          |
| extrram_data<5>                    | IOB              | BIDIR     | LVCMOS25             |       | 12       | SLOW |              |          |          |
| extrram_data<6>                    | IOB              | BIDIR     | LVCMOS25             |       | 12       | SLOW |              |          |          |
| extrram_data<7>                    | IOB              | BIDIR     | LVCMOS25             |       | 12       | SLOW |              |          |          |
| extrram_data<8>                    | IOB              | BIDIR     | LVCMOS25             |       | 12       | SLOW |              |          |          |
| extrram_data<9>                    | IOB              | BIDIR     | LVCMOS25             |       | 12       | SLOW |              |          |          |
| extrram_data<10>                   | IOB              | BIDIR     | LVCMOS25             |       | 12       | SLOW |              |          |          |
| extrram_data<11>                   | IOB              | BIDIR     | LVCMOS25             |       | 12       | SLOW |              |          |          |
| extrram_data<12>                   | IOB              | BIDIR     | LVCMOS25             |       | 12       | SLOW |              |          |          |
| extrram_data<13>                   | IOB              | BIDIR     | LVCMOS25             |       | 12       | SLOW |              |          |          |
| extrram_data<14>                   | IOB              | BIDIR     | LVCMOS25             |       | 12       | SLOW |              |          |          |
| extrram_data<15>                   | IOB              | BIDIR     | LVCMOS25             |       | 12       | SLOW |              |          |          |
| extrram_data<16>                   | IOB              | BIDIR     | LVCMOS25             |       | 12       | SLOW |              |          |          |
| extrram_data<17>                   | IOB              | BIDIR     | LVCMOS25             |       | 12       | SLOW |              |          |          |
| extrram_data<18>                   | IOB              | BIDIR     | LVCMOS25             |       | 12       | SLOW |              |          |          |
| extrram_data<19>                   | IOB              | BIDIR     | LVCMOS25             |       | 12       | SLOW |              |          |          |
| extrram_data<20>                   | IOB              | BIDIR     | LVCMOS25             |       | 12       | SLOW |              |          |          |
| extrram_data<21>                   | IOB              | BIDIR     | LVCMOS25             |       | 12       | SLOW |              |          |          |
| extrram_data<22>                   | IOB              | BIDIR     | LVCMOS25             |       | 12       | SLOW |              |          |          |
| extrram_data<23>                   | IOB              | BIDIR     | LVCMOS25             |       | 12       | SLOW |              |          |          |
| extrram_data<24>                   | IOB              | BIDIR     | LVCMOS25             |       | 12       | SLOW |              |          |          |
| extrram_data<25>                   | IOB              | BIDIR     | LVCMOS25             |       | 12       | SLOW |              |          |          |
| extrram_data<26>                   | IOB              | BIDIR     | LVCMOS25             |       | 12       | SLOW |              |          |          |
| extrram_data<27>                   | IOB              | BIDIR     | LVCMOS25             |       | 12       | SLOW |              |          |          |
| extrram_data<28>                   | IOB              | BIDIR     | LVCMOS25             |       | 12       | SLOW |              |          |          |
| extrram_data<29>                   | IOB              | BIDIR     | LVCMOS25             |       | 12       | SLOW |              |          |          |
| extrram_data<30>                   | IOB              | BIDIR     | LVCMOS25             |       | 12       | SLOW |              |          |          |
| extrram_data<31>                   | IOB              | BIDIR     | LVCMOS25             |       | 12       | SLOW |              |          |          |
| extrram_oe                         | IOB              | OUTPUT    | LVCMOS25             |       | 12       | SLOW |              |          |          |
| extrram_we                         | IOB              | OUTPUT    | LVCMOS25             |       | 12       | SLOW |              |          |          |
| flash_addr<0>                      | IOB              | OUTPUT    | LVCMOS25             |       | 12       | SLOW |              |          |          |
| flash_addr<1>                      | IOB              | OUTPUT    | LVCMOS25             |       | 12       | SLOW |              |          |          |
| flash_addr<2>                      | IOB              | OUTPUT    | LVCMOS25             |       | 12       | SLOW |              |          |          |
| flash_addr<3>                      | IOB              | OUTPUT    | LVCMOS25             |       | 12       | SLOW |              |          |          |
| flash_addr<4>                      | IOB              | OUTPUT    | LVCMOS25             |       | 12       | SLOW |              |          |          |
| flash_addr<5>                      | IOB              | OUTPUT    | LVCMOS25             |       | 12       | SLOW |              |          |          |
| flash_addr<6>                      | IOB              | OUTPUT    | LVCMOS25             |       | 12       | SLOW |              |          |          |
| flash_addr<7>                      | IOB              | OUTPUT    | LVCMOS25             |       | 12       | SLOW |              |          |          |
| flash_addr<8>                      | IOB              | OUTPUT    | LVCMOS25             |       | 12       | SLOW |              |          |          |
| flash_addr<9>                      | IOB              | OUTPUT    | LVCMOS25             |       | 12       | SLOW |              |          |          |
| flash_addr<10>                     | IOB              | OUTPUT    | LVCMOS25             |       | 12       | SLOW |              |          |          |
| flash_addr<11>                     | IOB              | OUTPUT    | LVCMOS25             |       | 12       | SLOW |              |          |          |
| flash_addr<12>                     | IOB              | OUTPUT    | LVCMOS25             |       | 12       | SLOW |              |          |          |
| flash_addr<13>                     | IOB              | OUTPUT    | LVCMOS25             |       | 12       | SLOW |              |          |          |
| flash_addr<14>                     | IOB              | OUTPUT    | LVCMOS25             |       | 12       | SLOW |              |          |          |
| flash_addr<15>                     | IOB              | OUTPUT    | LVCMOS25             |       | 12       | SLOW |              |          |          |
| flash_addr<16>                     | IOB              | OUTPUT    | LVCMOS25             |       | 12       | SLOW |              |          |          |
| flash_addr<17>                     | IOB              | OUTPUT    | LVCMOS25             |       | 12       | SLOW |              |          |          |
| flash_addr<18>                     | IOB              | OUTPUT    | LVCMOS25             |       | 12       | SLOW |              |          |          |
| flash_addr<19>                     | IOB              | OUTPUT    | LVCMOS25             |       | 12       | SLOW |              |          |          |
| flash_addr<20>                     | IOB              | OUTPUT    | LVCMOS25             |       | 12       | SLOW |              |          |          |
| flash_addr<21>                     | IOB              | OUTPUT    | LVCMOS25             |       | 12       | SLOW |              |          |          |
| flash_addr<22>                     | IOB              | OUTPUT    | LVCMOS25             |       | 12       | SLOW |              |          |          |
| flash_control_byte                 | IOB              | OUTPUT    | LVCMOS25             |       | 12       | SLOW |              |          |          |
| flash_control_ce0                  | IOB              | OUTPUT    | LVCMOS25             |       | 12       | SLOW |              |          |          |
| flash_control_ce1                  | IOB              | OUTPUT    | LVCMOS25             |       | 12       | SLOW |              |          |          |
| flash_control_ce2                  | IOB              | OUTPUT    | LVCMOS25             |       | 12       | SLOW |              |          |          |
| flash_control_oe                   | IOB              | OUTPUT    | LVCMOS25             |       | 12       | SLOW |              |          |          |
| flash_control_rp                   | IOB              | OUTPUT    | LVCMOS25             |       | 12       | SLOW |              |          |          |
| flash_control_vpen                 | IOB              | OUTPUT    | LVCMOS25             |       | 12       | SLOW |              |          |          |
| flash_control_we                   | IOB              | OUTPUT    | LVCMOS25             |       | 12       | SLOW |              |          |          |
| flash_data<0>                      | IOB              | BIDIR     | LVCMOS25             |       | 12       | SLOW |              |          |          |
| flash_data<1>                      | IOB              | BIDIR     | LVCMOS25             |       | 12       | SLOW |              |          |          |
| flash_data<2>                      | IOB              | BIDIR     | LVCMOS25             |       | 12       | SLOW |              |          |          |
| flash_data<3>                      | IOB              | BIDIR     | LVCMOS25             |       | 12       | SLOW |              |          |          |
| flash_data<4>                      | IOB              | BIDIR     | LVCMOS25             |       | 12       | SLOW |              |          |          |
| flash_data<5>                      | IOB              | BIDIR     | LVCMOS25             |       | 12       | SLOW |              |          |          |
| flash_data<6>                      | IOB              | BIDIR     | LVCMOS25             |       | 12       | SLOW |              |          |          |
| flash_data<7>                      | IOB              | BIDIR     | LVCMOS25             |       | 12       | SLOW |              |          |          |
| flash_data<8>                      | IOB              | BIDIR     | LVCMOS25             |       | 12       | SLOW |              |          |          |
| flash_data<9>                      | IOB              | BIDIR     | LVCMOS25             |       | 12       | SLOW |              |          |          |
| flash_data<10>                     | IOB              | BIDIR     | LVCMOS25             |       | 12       | SLOW |              |          |          |
| flash_data<11>                     | IOB              | BIDIR     | LVCMOS25             |       | 12       | SLOW |              |          |          |
| flash_data<12>                     | IOB              | BIDIR     | LVCMOS25             |       | 12       | SLOW |              |          |          |
| flash_data<13>                     | IOB              | BIDIR     | LVCMOS25             |       | 12       | SLOW |              |          |          |
| flash_data<14>                     | IOB              | BIDIR     | LVCMOS25             |       | 12       | SLOW |              |          |          |
| flash_data<15>                     | IOB              | BIDIR     | LVCMOS25             |       | 12       | SLOW |              |          |          |
| led<0>                             | IOB              | OUTPUT    | LVCMOS25             |       | 12       | SLOW |              |          |          |
| led<1>                             | IOB              | OUTPUT    | LVCMOS25             |       | 12       | SLOW |              |          |          |
| led<2>                             | IOB              | OUTPUT    | LVCMOS25             |       | 12       | SLOW |              |          |          |
| led<3>                             | IOB              | OUTPUT    | LVCMOS25             |       | 12       | SLOW |              |          |          |
| led<4>                             | IOB              | OUTPUT    | LVCMOS25             |       | 12       | SLOW |              |          |          |
| led<5>                             | IOB              | OUTPUT    | LVCMOS25             |       | 12       | SLOW |              |          |          |
| led<6>                             | IOB              | OUTPUT    | LVCMOS25             |       | 12       | SLOW |              |          |          |
| led<7>                             | IOB              | OUTPUT    | LVCMOS25             |       | 12       | SLOW |              |          |          |
| led<8>                             | IOB              | OUTPUT    | LVCMOS25             |       | 12       | SLOW |              |          |          |
| led<9>                             | IOB              | OUTPUT    | LVCMOS25             |       | 12       | SLOW |              |          |          |
| led<10>                            | IOB              | OUTPUT    | LVCMOS25             |       | 12       | SLOW |              |          |          |
| led<11>                            | IOB              | OUTPUT    | LVCMOS25             |       | 12       | SLOW |              |          |          |
| led<12>                            | IOB              | OUTPUT    | LVCMOS25             |       | 12       | SLOW |              |          |          |
| led<13>                            | IOB              | OUTPUT    | LVCMOS25             |       | 12       | SLOW |              |          |          |
| led<14>                            | IOB              | OUTPUT    | LVCMOS25             |       | 12       | SLOW |              |          |          |
| led<15>                            | IOB              | OUTPUT    | LVCMOS25             |       | 12       | SLOW |              |          |          |
| rst                                | IOB              | INPUT     | LVCMOS25             |       |          |      |              |          |          |
| serialport_rxd                     | IOB              | INPUT     | LVCMOS25             |       |          |      |              |          |          |
| serialport_txd                     | IOB              | OUTPUT    | LVCMOS25             |       | 12       | SLOW |              |          |          |
+---------------------------------------------------------------------------------------------------------------------------------------------------------+

Section 7 - RPMs
----------------

Section 8 - Guide Report
------------------------
Guide not run on this design.

Section 9 - Area Group and Partition Summary
--------------------------------------------

Partition Implementation Status
-------------------------------

  No Partitions were found in this design.

-------------------------------

Area Group Information
----------------------

  No area groups were found in this design.

----------------------

Section 10 - Timing Report
--------------------------
A logic-level (pre-route) timing report can be generated by using Xilinx static
timing analysis tools, Timing Analyzer (GUI) or TRCE (command line), with the
mapped NCD and PCF files. Please note that this timing report will be generated
using estimated delay information. For accurate numbers, please generate a
timing report with the post Place and Route NCD file.

For more information about the Timing Analyzer, consult the Xilinx Timing
Analyzer Reference Manual; for more information about TRCE, consult the Xilinx
Command Line Tools User Guide "TRACE" chapter.

Section 11 - Configuration String Details
-----------------------------------------
Use the "-detail" map option to print out Configuration Strings

Section 12 - Control Set Information
------------------------------------
Use the "-detail" map option to print out Control Set Information.

Section 13 - Utilization by Hierarchy
-------------------------------------
Use the "-detail" map option to print out the Utilization by Hierarchy section.
